<?xml version="1.0" encoding="UTF-8"?>
<testsuite xmlns:xsi="http://www.w3.org/2001/XMLSchema-instance" xsi:noNamespaceSchemaLocation="https://maven.apache.org/surefire/maven-surefire-plugin/xsd/surefire-test-report.xsd" name="br.com.codenation.main.controllers.ApplicationControllerTest" time="5.363" tests="6" errors="0" skipped="0" failures="5">
  <properties>
[...]
</properties>
  <testcase name="shouldBeSuccessfulWhenCreatingANewApplication" classname="br.com.codenation.main.controllers.ApplicationControllerTest" time="0.691">
    <failure message="Range for response status value 401 expected:&lt;SUCCESSFUL&gt; but was:&lt;CLIENT_ERROR&gt;" type="java.lang.AssertionError"><![CDATA[java.lang.AssertionError: Range for response status value 401 expected:<SUCCESSFUL> but was:<CLIENT_ERROR>
	at br.com.codenation.main.controllers.ApplicationControllerTest.shouldBeSuccessfulWhenCreatingANewApplication(ApplicationControllerTest.java:115)
]]></failure>
    <system-out><![CDATA[2020-07-08 20:41:35.572  INFO 18212 --- [           main] .b.t.c.SpringBootTestContextBootstrapper : Neither @ContextConfiguration nor @ContextHierarchy found for test class [br.com.codenation.main.controllers.ApplicationControllerTest], using SpringBootContextLoader
2020-07-08 20:41:35.574  INFO 18212 --- [           main] o.s.t.c.support.AbstractContextLoader    : Could not detect default resource locations for test class [br.com.codenation.main.controllers.ApplicationControllerTest]: no resource found for suffixes {-context.xml, Context.groovy}.
2020-07-08 20:41:35.574  INFO 18212 --- [           main] t.c.s.AnnotationConfigContextLoaderUtils : Could not detect default configuration classes for test class [br.com.codenation.main.controllers.ApplicationControllerTest]: ApplicationControllerTest does not declare any static, non-private, non-final, nested classes annotated with @Configuration.
2020-07-08 20:41:35.639  INFO 18212 --- [           main] .b.t.c.SpringBootTestContextBootstrapper : Found @SpringBootConfiguration br.com.codenation.CentralErrosApplication for test class br.com.codenation.main.controllers.ApplicationControllerTest
2020-07-08 20:41:35.641  INFO 18212 --- [           main] .b.t.c.SpringBootTestContextBootstrapper : Loaded default TestExecutionListener class names from location [META-INF/spring.factories]: [org.springframework.boot.test.mock.mockito.MockitoTestExecutionListener, org.springframework.boot.test.mock.mockito.ResetMocksTestExecutionListener, org.springframework.boot.test.autoconfigure.restdocs.RestDocsTestExecutionListener, org.springframework.boot.test.autoconfigure.web.client.MockRestServiceServerResetTestExecutionListener, org.springframework.boot.test.autoconfigure.web.servlet.MockMvcPrintOnlyOnFailureTestExecutionListener, org.springframework.boot.test.autoconfigure.web.servlet.WebDriverTestExecutionListener, org.springframework.test.context.web.ServletTestExecutionListener, org.springframework.test.context.support.DirtiesContextBeforeModesTestExecutionListener, org.springframework.test.context.support.DependencyInjectionTestExecutionListener, org.springframework.test.context.support.DirtiesContextTestExecutionListener, org.springframework.test.context.transaction.TransactionalTestExecutionListener, org.springframework.test.context.jdbc.SqlScriptsTestExecutionListener, org.springframework.test.context.event.EventPublishingTestExecutionListener]
2020-07-08 20:41:35.642  INFO 18212 --- [           main] .b.t.c.SpringBootTestContextBootstrapper : Using TestExecutionListeners: [org.springframework.test.context.web.ServletTestExecutionListener@708378cc, org.springframework.test.context.support.DirtiesContextBeforeModesTestExecutionListener@17eb35fa, org.springframework.boot.test.mock.mockito.MockitoTestExecutionListener@1d691d4f, org.springframework.boot.test.autoconfigure.SpringBootDependencyInjectionTestExecutionListener@1082883b, org.springframework.test.context.support.DirtiesContextTestExecutionListener@7b2cd7ff, org.springframework.test.context.transaction.TransactionalTestExecutionListener@35266985, org.springframework.test.context.jdbc.SqlScriptsTestExecutionListener@6070990b, org.springframework.test.context.event.EventPublishingTestExecutionListener@64b7066e, org.springframework.boot.test.mock.mockito.ResetMocksTestExecutionListener@79b9b628, org.springframework.boot.test.autoconfigure.restdocs.RestDocsTestExecutionListener@7f5582db, org.springframework.boot.test.autoconfigure.web.client.MockRestServiceServerResetTestExecutionListener@1b09f4fb, org.springframework.boot.test.autoconfigure.web.servlet.MockMvcPrintOnlyOnFailureTestExecutionListener@47511582, org.springframework.boot.test.autoconfigure.web.servlet.WebDriverTestExecutionListener@736de3b6]

  .   ____          _            __ _ _
 /\\ / ___'_ __ _ _(_)_ __  __ _ \ \ \ \
( ( )\___ | '_ | '_| | '_ \/ _` | \ \ \ \
 \\/  ___)| |_)| | | | | || (_| |  ) ) ) )
  '  |____| .__|_| |_|_| |_\__, | / / / /
 =========|_|==============|___/=/_/_/_/
 :: Spring Boot ::        (v2.2.6.RELEASE)

2020-07-08 20:41:35.715  INFO 18212 --- [           main] b.c.c.m.c.ApplicationControllerTest      : Starting ApplicationControllerTest on Funchal-PC with PID 18212 (started by Delag in C:\Users\Delag\Desktop\Codenation\CentralDeErros)
2020-07-08 20:41:35.717  INFO 18212 --- [           main] b.c.c.m.c.ApplicationControllerTest      : The following profiles are active: test
2020-07-08 20:41:36.339  INFO 18212 --- [           main] .s.d.r.c.RepositoryConfigurationDelegate : Bootstrapping Spring Data JPA repositories in DEFAULT mode.
2020-07-08 20:41:36.397  INFO 18212 --- [           main] .s.d.r.c.RepositoryConfigurationDelegate : Finished Spring Data repository scanning in 57ms. Found 3 JPA repository interfaces.
2020-07-08 20:41:36.662  INFO 18212 --- [           main] o.hibernate.jpa.internal.util.LogHelper  : HHH000204: Processing PersistenceUnitInfo [name: default]
2020-07-08 20:41:36.672  INFO 18212 --- [           main] com.zaxxer.hikari.HikariDataSource       : HikariPool-2 - Starting...
2020-07-08 20:41:36.807  INFO 18212 --- [           main] com.zaxxer.hikari.HikariDataSource       : HikariPool-2 - Start completed.
2020-07-08 20:41:36.807  INFO 18212 --- [           main] org.hibernate.dialect.Dialect            : HHH000400: Using dialect: org.hibernate.dialect.PostgreSQL10Dialect
2020-07-08 20:41:37.705  INFO 18212 --- [           main] o.h.e.t.j.p.i.JtaPlatformInitiator       : HHH000490: Using JtaPlatform implementation: [org.hibernate.engine.transaction.jta.platform.internal.NoJtaPlatform]
2020-07-08 20:41:37.705  INFO 18212 --- [           main] j.LocalContainerEntityManagerFactoryBean : Initialized JPA EntityManagerFactory for persistence unit 'default'
2020-07-08 20:41:37.776  WARN 18212 --- [           main] JpaBaseConfiguration$JpaWebConfiguration : spring.jpa.open-in-view is enabled by default. Therefore, database queries may be performed during view rendering. Explicitly configure spring.jpa.open-in-view to disable this warning
2020-07-08 20:41:38.594  INFO 18212 --- [           main] pertySourcedRequestMappingHandlerMapping : Mapped URL path [/v2/api-docs] onto method [springfox.documentation.swagger2.web.Swagger2Controller#getDocumentation(String, HttpServletRequest)]
2020-07-08 20:41:38.698  INFO 18212 --- [           main] a.OAuth2AuthorizationServerConfiguration : Initialized OAuth2 Client

security.oauth2.client.client-id = frontend
security.oauth2.client.client-secret = ****


2020-07-08 20:41:38.831  INFO 18212 --- [           main] o.s.s.concurrent.ThreadPoolTaskExecutor  : Initializing ExecutorService 'applicationTaskExecutor'
2020-07-08 20:41:39.070  INFO 18212 --- [           main] o.s.s.web.DefaultSecurityFilterChain     : Creating filter chain: Ant [pattern='/', GET], []
2020-07-08 20:41:39.071  INFO 18212 --- [           main] o.s.s.web.DefaultSecurityFilterChain     : Creating filter chain: Ant [pattern='/webjars/**', GET], []
2020-07-08 20:41:39.071  INFO 18212 --- [           main] o.s.s.web.DefaultSecurityFilterChain     : Creating filter chain: Ant [pattern='/*.html', GET], []
2020-07-08 20:41:39.071  INFO 18212 --- [           main] o.s.s.web.DefaultSecurityFilterChain     : Creating filter chain: Ant [pattern='/favicon.ico', GET], []
2020-07-08 20:41:39.071  INFO 18212 --- [           main] o.s.s.web.DefaultSecurityFilterChain     : Creating filter chain: Ant [pattern='/**/*.html', GET], []
2020-07-08 20:41:39.071  INFO 18212 --- [           main] o.s.s.web.DefaultSecurityFilterChain     : Creating filter chain: Ant [pattern='/v2/api-docs', GET], []
2020-07-08 20:41:39.071  INFO 18212 --- [           main] o.s.s.web.DefaultSecurityFilterChain     : Creating filter chain: Ant [pattern='/configuration/ui', GET], []
2020-07-08 20:41:39.071  INFO 18212 --- [           main] o.s.s.web.DefaultSecurityFilterChain     : Creating filter chain: Ant [pattern='/swagger-resources/**', GET], []
2020-07-08 20:41:39.071  INFO 18212 --- [           main] o.s.s.web.DefaultSecurityFilterChain     : Creating filter chain: Ant [pattern='/configuration/**', GET], []
2020-07-08 20:41:39.071  INFO 18212 --- [           main] o.s.s.web.DefaultSecurityFilterChain     : Creating filter chain: Ant [pattern='/swagger-ui.html', GET], []
2020-07-08 20:41:39.071  INFO 18212 --- [           main] o.s.s.web.DefaultSecurityFilterChain     : Creating filter chain: Ant [pattern='/webjars/**', GET], []
2020-07-08 20:41:39.071  INFO 18212 --- [           main] o.s.s.web.DefaultSecurityFilterChain     : Creating filter chain: Ant [pattern='/**/*.css', GET], []
2020-07-08 20:41:39.071  INFO 18212 --- [           main] o.s.s.web.DefaultSecurityFilterChain     : Creating filter chain: Ant [pattern='/**/*.js', GET], []
2020-07-08 20:41:39.071  INFO 18212 --- [           main] o.s.s.web.DefaultSecurityFilterChain     : Creating filter chain: Ant [pattern='/user', POST], []
2020-07-08 20:41:39.174  INFO 18212 --- [           main] o.s.s.web.DefaultSecurityFilterChain     : Creating filter chain: OrRequestMatcher [requestMatchers=[Ant [pattern='/oauth/token'], Ant [pattern='/oauth/token_key'], Ant [pattern='/oauth/check_token']]], [org.springframework.security.web.context.request.async.WebAsyncManagerIntegrationFilter@25eadfe6, org.springframework.security.web.context.SecurityContextPersistenceFilter@55cbbf15, org.springframework.security.web.header.HeaderWriterFilter@71897380, org.springframework.security.web.authentication.logout.LogoutFilter@60319a00, org.springframework.security.web.authentication.www.BasicAuthenticationFilter@3aef4650, org.springframework.security.web.savedrequest.RequestCacheAwareFilter@37e2873c, org.springframework.security.web.servletapi.SecurityContextHolderAwareRequestFilter@dcdf733, org.springframework.security.web.authentication.AnonymousAuthenticationFilter@3ac23fe7, org.springframework.security.web.session.SessionManagementFilter@2919976e, org.springframework.security.web.access.ExceptionTranslationFilter@6740b169, org.springframework.security.web.access.intercept.FilterSecurityInterceptor@22a05923]
2020-07-08 20:41:39.191  INFO 18212 --- [           main] o.s.s.web.DefaultSecurityFilterChain     : Creating filter chain: Ant [pattern='/**'], [org.springframework.security.web.context.request.async.WebAsyncManagerIntegrationFilter@12620e98, org.springframework.security.web.context.SecurityContextPersistenceFilter@39d8240b, org.springframework.security.web.header.HeaderWriterFilter@4817bd3, org.springframework.web.filter.CorsFilter@46916d68, org.springframework.security.web.authentication.logout.LogoutFilter@41e35358, org.springframework.security.oauth2.provider.authentication.OAuth2AuthenticationProcessingFilter@2158d1d1, org.springframework.security.web.savedrequest.RequestCacheAwareFilter@3a6732bc, org.springframework.security.web.servletapi.SecurityContextHolderAwareRequestFilter@35b799c0, org.springframework.security.web.authentication.AnonymousAuthenticationFilter@79b07ccd, org.springframework.security.web.session.SessionManagementFilter@30e787e2, org.springframework.security.web.access.ExceptionTranslationFilter@2a153531, org.springframework.security.web.access.intercept.FilterSecurityInterceptor@7d8fcde8]
2020-07-08 20:41:39.229  INFO 18212 --- [           main] o.s.s.web.DefaultSecurityFilterChain     : Creating filter chain: any request, [org.springframework.security.web.context.request.async.WebAsyncManagerIntegrationFilter@460818c1, org.springframework.security.web.context.SecurityContextPersistenceFilter@1741afaf, org.springframework.security.web.header.HeaderWriterFilter@7f62fa28, org.springframework.security.web.csrf.CsrfFilter@129204bf, org.springframework.security.web.authentication.logout.LogoutFilter@6b732d6, org.springframework.security.web.authentication.UsernamePasswordAuthenticationFilter@127e838b, org.springframework.security.web.authentication.ui.DefaultLoginPageGeneratingFilter@5cb7eb6c, org.springframework.security.web.authentication.ui.DefaultLogoutPageGeneratingFilter@3669d7ac, org.springframework.security.web.authentication.www.BasicAuthenticationFilter@7c7caff1, org.springframework.security.web.savedrequest.RequestCacheAwareFilter@618cfd1, org.springframework.security.web.servletapi.SecurityContextHolderAwareRequestFilter@6ec3c680, org.springframework.security.web.authentication.AnonymousAuthenticationFilter@506d7831, org.springframework.security.web.session.SessionManagementFilter@15f4f652, org.springframework.security.web.access.ExceptionTranslationFilter@5f19da2c, org.springframework.security.web.access.intercept.FilterSecurityInterceptor@64a2966a]
2020-07-08 20:41:39.452  INFO 18212 --- [           main] o.s.b.t.m.w.SpringBootMockServletContext : Initializing Spring TestDispatcherServlet ''
2020-07-08 20:41:39.453  INFO 18212 --- [           main] o.s.t.web.servlet.TestDispatcherServlet  : Initializing Servlet ''
2020-07-08 20:41:39.470  INFO 18212 --- [           main] o.s.t.web.servlet.TestDispatcherServlet  : Completed initialization in 17 ms
2020-07-08 20:41:39.483  INFO 18212 --- [           main] d.s.w.p.DocumentationPluginsBootstrapper : Context refreshed
2020-07-08 20:41:39.484  INFO 18212 --- [           main] d.s.w.p.DocumentationPluginsBootstrapper : Found 1 custom documentation plugin(s)
2020-07-08 20:41:39.567  INFO 18212 --- [           main] s.d.s.w.s.ApiListingReferenceScanner     : Scanning for api listing references
2020-07-08 20:41:39.663  INFO 18212 --- [           main] .d.s.w.r.o.CachingOperationNameGenerator : Generating unique operation named: createUsingPOST_1
2020-07-08 20:41:39.669  INFO 18212 --- [           main] .d.s.w.r.o.CachingOperationNameGenerator : Generating unique operation named: deleteUsingDELETE_1
2020-07-08 20:41:39.678  INFO 18212 --- [           main] .d.s.w.r.o.CachingOperationNameGenerator : Generating unique operation named: getByIdUsingGET_1
2020-07-08 20:41:39.690  INFO 18212 --- [           main] .d.s.w.r.o.CachingOperationNameGenerator : Generating unique operation named: listAllUsingGET_1
2020-07-08 20:41:39.723  INFO 18212 --- [           main] .d.s.w.r.o.CachingOperationNameGenerator : Generating unique operation named: updateUsingPUT_1
2020-07-08 20:41:39.733  INFO 18212 --- [           main] .d.s.w.r.o.CachingOperationNameGenerator : Generating unique operation named: createUsingPOST_2
2020-07-08 20:41:39.739  INFO 18212 --- [           main] .d.s.w.r.o.CachingOperationNameGenerator : Generating unique operation named: deleteUsingDELETE_2
2020-07-08 20:41:39.744  INFO 18212 --- [           main] .d.s.w.r.o.CachingOperationNameGenerator : Generating unique operation named: getByIdUsingGET_2
2020-07-08 20:41:39.747  INFO 18212 --- [           main] .d.s.w.r.o.CachingOperationNameGenerator : Generating unique operation named: listAllUsingGET_2
2020-07-08 20:41:39.750  INFO 18212 --- [           main] .d.s.w.r.o.CachingOperationNameGenerator : Generating unique operation named: updateUsingPUT_2
2020-07-08 20:41:39.755  INFO 18212 --- [           main] b.c.c.m.c.ApplicationControllerTest      : Started ApplicationControllerTest in 4.101 seconds (JVM running for 15.033)
2020-07-08 20:41:40.090  INFO 18212 --- [           main] o.s.t.c.transaction.TransactionContext   : Began transaction (1) for test context [DefaultTestContext@66a97b79 testClass = ApplicationControllerTest, testInstance = br.com.codenation.main.controllers.ApplicationControllerTest@22251bc6, testMethod = shouldBeSuccessfulWhenCreatingANewApplication@ApplicationControllerTest, testException = [null], mergedContextConfiguration = [WebMergedContextConfiguration@685e398 testClass = ApplicationControllerTest, locations = '{}', classes = '{class br.com.codenation.CentralErrosApplication}', contextInitializerClasses = '[]', activeProfiles = '{test}', propertySourceLocations = '{}', propertySourceProperties = '{org.springframework.boot.test.context.SpringBootTestContextBootstrapper=true}', contextCustomizers = set[[ImportsContextCustomizer@2921aa59 key = [org.springframework.boot.test.autoconfigure.web.servlet.MockMvcAutoConfiguration, org.springframework.boot.test.autoconfigure.web.servlet.MockMvcWebClientAutoConfiguration, org.springframework.boot.test.autoconfigure.web.servlet.MockMvcWebDriverAutoConfiguration, org.springframework.boot.autoconfigure.security.servlet.SecurityAutoConfiguration, org.springframework.boot.autoconfigure.security.servlet.UserDetailsServiceAutoConfiguration, org.springframework.boot.test.autoconfigure.web.servlet.MockMvcSecurityConfiguration]], org.springframework.boot.test.context.filter.ExcludeFilterContextCustomizer@11d8ae8b, org.springframework.boot.test.json.DuplicateJsonObjectContextCustomizerFactory$DuplicateJsonObjectContextCustomizer@2b72cb8a, org.springframework.boot.test.mock.mockito.MockitoContextCustomizer@0, org.springframework.boot.test.web.client.TestRestTemplateContextCustomizer@1863d2fe, org.springframework.boot.test.autoconfigure.properties.PropertyMappingContextCustomizer@4b3fa0b3, org.springframework.boot.test.autoconfigure.web.servlet.WebDriverContextCustomizerFactory$Customizer@4b34fff9], resourceBasePath = 'src/main/webapp', contextLoader = 'org.springframework.boot.test.context.SpringBootContextLoader', parent = [null]], attributes = map['org.springframework.test.context.web.ServletTestExecutionListener.activateListener' -> true, 'org.springframework.test.context.web.ServletTestExecutionListener.populatedRequestContextHolder' -> true, 'org.springframework.test.context.web.ServletTestExecutionListener.resetRequestContextHolder' -> true]]; transaction manager [org.springframework.orm.jpa.JpaTransactionManager@3e9f3d0f]; rollback [true]

MockHttpServletRequest:
      HTTP Method = POST
      Request URI = /application
       Parameters = {}
          Headers = [Content-Type:"application/json;charset=UTF-8", Content-Length:"93"]
             Body = {"id":"a5ef3307-a1f2-42c0-91d1-978902afe13c","name":"127.0.0.1","token":"0.9900703164443686"}
    Session Attrs = {}

Handler:
             Type = null

Async:
    Async started = false
     Async result = null

Resolved Exception:
             Type = null

ModelAndView:
        View name = null
             View = null
            Model = null

FlashMap:
       Attributes = null

MockHttpServletResponse:
           Status = 401
    Error message = null
          Headers = [Vary:"Origin", "Access-Control-Request-Method", "Access-Control-Request-Headers", Cache-Control:"no-store", Pragma:"no-cache", WWW-Authenticate:"Bearer realm="oauth2-resource", error="unauthorized", error_description="Full authentication is required to access this resource"", Content-Type:"application/json", X-Content-Type-Options:"nosniff", X-XSS-Protection:"1; mode=block", X-Frame-Options:"DENY"]
     Content type = application/json
             Body = {"error":"unauthorized","error_description":"Full authentication is required to access this resource"}
    Forwarded URL = null
   Redirected URL = null
          Cookies = []
2020-07-08 20:41:40.434  INFO 18212 --- [           main] o.s.t.c.transaction.TransactionContext   : Rolled back transaction for test: [DefaultTestContext@66a97b79 testClass = ApplicationControllerTest, testInstance = br.com.codenation.main.controllers.ApplicationControllerTest@22251bc6, testMethod = shouldBeSuccessfulWhenCreatingANewApplication@ApplicationControllerTest, testException = java.lang.AssertionError: Range for response status value 401 expected:<SUCCESSFUL> but was:<CLIENT_ERROR>, mergedContextConfiguration = [WebMergedContextConfiguration@685e398 testClass = ApplicationControllerTest, locations = '{}', classes = '{class br.com.codenation.CentralErrosApplication}', contextInitializerClasses = '[]', activeProfiles = '{test}', propertySourceLocations = '{}', propertySourceProperties = '{org.springframework.boot.test.context.SpringBootTestContextBootstrapper=true}', contextCustomizers = set[[ImportsContextCustomizer@2921aa59 key = [org.springframework.boot.test.autoconfigure.web.servlet.MockMvcAutoConfiguration, org.springframework.boot.test.autoconfigure.web.servlet.MockMvcWebClientAutoConfiguration, org.springframework.boot.test.autoconfigure.web.servlet.MockMvcWebDriverAutoConfiguration, org.springframework.boot.autoconfigure.security.servlet.SecurityAutoConfiguration, org.springframework.boot.autoconfigure.security.servlet.UserDetailsServiceAutoConfiguration, org.springframework.boot.test.autoconfigure.web.servlet.MockMvcSecurityConfiguration]], org.springframework.boot.test.context.filter.ExcludeFilterContextCustomizer@11d8ae8b, org.springframework.boot.test.json.DuplicateJsonObjectContextCustomizerFactory$DuplicateJsonObjectContextCustomizer@2b72cb8a, org.springframework.boot.test.mock.mockito.MockitoContextCustomizer@0, org.springframework.boot.test.web.client.TestRestTemplateContextCustomizer@1863d2fe, org.springframework.boot.test.autoconfigure.properties.PropertyMappingContextCustomizer@4b3fa0b3, org.springframework.boot.test.autoconfigure.web.servlet.WebDriverContextCustomizerFactory$Customizer@4b34fff9], resourceBasePath = 'src/main/webapp', contextLoader = 'org.springframework.boot.test.context.SpringBootContextLoader', parent = [null]], attributes = map['org.springframework.test.context.web.ServletTestExecutionListener.activateListener' -> true, 'org.springframework.test.context.web.ServletTestExecutionListener.populatedRequestContextHolder' -> true, 'org.springframework.test.context.web.ServletTestExecutionListener.resetRequestContextHolder' -> true]]
]]></system-out>
  </testcase>
  <testcase name="shouldReturnEveryApplication" classname="br.com.codenation.main.controllers.ApplicationControllerTest" time="0.274">
    <failure message="Status expected:&lt;200&gt; but was:&lt;401&gt;" type="java.lang.AssertionError"><![CDATA[java.lang.AssertionError: Status expected:<200> but was:<401>
	at br.com.codenation.main.controllers.ApplicationControllerTest.shouldReturnEveryApplication(ApplicationControllerTest.java:53)
]]></failure>
    <system-out><![CDATA[2020-07-08 20:41:40.445  INFO 18212 --- [           main] o.s.t.c.transaction.TransactionContext   : Began transaction (1) for test context [DefaultTestContext@66a97b79 testClass = ApplicationControllerTest, testInstance = br.com.codenation.main.controllers.ApplicationControllerTest@f7b6b9e, testMethod = shouldReturnEveryApplication@ApplicationControllerTest, testException = [null], mergedContextConfiguration = [WebMergedContextConfiguration@685e398 testClass = ApplicationControllerTest, locations = '{}', classes = '{class br.com.codenation.CentralErrosApplication}', contextInitializerClasses = '[]', activeProfiles = '{test}', propertySourceLocations = '{}', propertySourceProperties = '{org.springframework.boot.test.context.SpringBootTestContextBootstrapper=true}', contextCustomizers = set[[ImportsContextCustomizer@2921aa59 key = [org.springframework.boot.test.autoconfigure.web.servlet.MockMvcAutoConfiguration, org.springframework.boot.test.autoconfigure.web.servlet.MockMvcWebClientAutoConfiguration, org.springframework.boot.test.autoconfigure.web.servlet.MockMvcWebDriverAutoConfiguration, org.springframework.boot.autoconfigure.security.servlet.SecurityAutoConfiguration, org.springframework.boot.autoconfigure.security.servlet.UserDetailsServiceAutoConfiguration, org.springframework.boot.test.autoconfigure.web.servlet.MockMvcSecurityConfiguration]], org.springframework.boot.test.context.filter.ExcludeFilterContextCustomizer@11d8ae8b, org.springframework.boot.test.json.DuplicateJsonObjectContextCustomizerFactory$DuplicateJsonObjectContextCustomizer@2b72cb8a, org.springframework.boot.test.mock.mockito.MockitoContextCustomizer@0, org.springframework.boot.test.web.client.TestRestTemplateContextCustomizer@1863d2fe, org.springframework.boot.test.autoconfigure.properties.PropertyMappingContextCustomizer@4b3fa0b3, org.springframework.boot.test.autoconfigure.web.servlet.WebDriverContextCustomizerFactory$Customizer@4b34fff9], resourceBasePath = 'src/main/webapp', contextLoader = 'org.springframework.boot.test.context.SpringBootContextLoader', parent = [null]], attributes = map['org.springframework.test.context.web.ServletTestExecutionListener.activateListener' -> true, 'org.springframework.test.context.web.ServletTestExecutionListener.populatedRequestContextHolder' -> true, 'org.springframework.test.context.web.ServletTestExecutionListener.resetRequestContextHolder' -> true]]; transaction manager [org.springframework.orm.jpa.JpaTransactionManager@3e9f3d0f]; rollback [true]
Hibernate: select applicatio0_.id as id1_0_0_, applicatio0_.created_at as created_2_0_0_, applicatio0_.updated_at as updated_3_0_0_, applicatio0_.name as name4_0_0_, applicatio0_.token as token5_0_0_ from application applicatio0_ where applicatio0_.id=?
Hibernate: select applicatio0_.id as id1_0_0_, applicatio0_.created_at as created_2_0_0_, applicatio0_.updated_at as updated_3_0_0_, applicatio0_.name as name4_0_0_, applicatio0_.token as token5_0_0_ from application applicatio0_ where applicatio0_.id=?

MockHttpServletRequest:
      HTTP Method = GET
      Request URI = /application
       Parameters = {}
          Headers = [Content-Type:"application/json;charset=UTF-8"]
             Body = null
    Session Attrs = {}

Handler:
             Type = null

Async:
    Async started = false
     Async result = null

Resolved Exception:
             Type = null

ModelAndView:
        View name = null
             View = null
            Model = null

FlashMap:
       Attributes = null

MockHttpServletResponse:
           Status = 401
    Error message = null
          Headers = [Vary:"Origin", "Access-Control-Request-Method", "Access-Control-Request-Headers", Cache-Control:"no-store", Pragma:"no-cache", WWW-Authenticate:"Bearer realm="oauth2-resource", error="unauthorized", error_description="Full authentication is required to access this resource"", Content-Type:"application/json", X-Content-Type-Options:"nosniff", X-XSS-Protection:"1; mode=block", X-Frame-Options:"DENY"]
     Content type = application/json
             Body = {"error":"unauthorized","error_description":"Full authentication is required to access this resource"}
    Forwarded URL = null
   Redirected URL = null
          Cookies = []
2020-07-08 20:41:40.622  INFO 18212 --- [           main] o.s.t.c.transaction.TransactionContext   : Rolled back transaction for test: [DefaultTestContext@66a97b79 testClass = ApplicationControllerTest, testInstance = br.com.codenation.main.controllers.ApplicationControllerTest@f7b6b9e, testMethod = shouldReturnEveryApplication@ApplicationControllerTest, testException = java.lang.AssertionError: Status expected:<200> but was:<401>, mergedContextConfiguration = [WebMergedContextConfiguration@685e398 testClass = ApplicationControllerTest, locations = '{}', classes = '{class br.com.codenation.CentralErrosApplication}', contextInitializerClasses = '[]', activeProfiles = '{test}', propertySourceLocations = '{}', propertySourceProperties = '{org.springframework.boot.test.context.SpringBootTestContextBootstrapper=true}', contextCustomizers = set[[ImportsContextCustomizer@2921aa59 key = [org.springframework.boot.test.autoconfigure.web.servlet.MockMvcAutoConfiguration, org.springframework.boot.test.autoconfigure.web.servlet.MockMvcWebClientAutoConfiguration, org.springframework.boot.test.autoconfigure.web.servlet.MockMvcWebDriverAutoConfiguration, org.springframework.boot.autoconfigure.security.servlet.SecurityAutoConfiguration, org.springframework.boot.autoconfigure.security.servlet.UserDetailsServiceAutoConfiguration, org.springframework.boot.test.autoconfigure.web.servlet.MockMvcSecurityConfiguration]], org.springframework.boot.test.context.filter.ExcludeFilterContextCustomizer@11d8ae8b, org.springframework.boot.test.json.DuplicateJsonObjectContextCustomizerFactory$DuplicateJsonObjectContextCustomizer@2b72cb8a, org.springframework.boot.test.mock.mockito.MockitoContextCustomizer@0, org.springframework.boot.test.web.client.TestRestTemplateContextCustomizer@1863d2fe, org.springframework.boot.test.autoconfigure.properties.PropertyMappingContextCustomizer@4b3fa0b3, org.springframework.boot.test.autoconfigure.web.servlet.WebDriverContextCustomizerFactory$Customizer@4b34fff9], resourceBasePath = 'src/main/webapp', contextLoader = 'org.springframework.boot.test.context.SpringBootContextLoader', parent = [null]], attributes = map['org.springframework.test.context.web.ServletTestExecutionListener.activateListener' -> true, 'org.springframework.test.context.web.ServletTestExecutionListener.populatedRequestContextHolder' -> true, 'org.springframework.test.context.web.ServletTestExecutionListener.resetRequestContextHolder' -> true]]
]]></system-out>
  </testcase>
  <testcase name="shouldNotReturnAnyApplications" classname="br.com.codenation.main.controllers.ApplicationControllerTest" time="0.092">
    <failure message="Status expected:&lt;200&gt; but was:&lt;401&gt;" type="java.lang.AssertionError"><![CDATA[java.lang.AssertionError: Status expected:<200> but was:<401>
	at br.com.codenation.main.controllers.ApplicationControllerTest.shouldNotReturnAnyApplications(ApplicationControllerTest.java:70)
]]></failure>
    <system-out><![CDATA[2020-07-08 20:41:40.625  INFO 18212 --- [           main] o.s.t.c.transaction.TransactionContext   : Began transaction (1) for test context [DefaultTestContext@66a97b79 testClass = ApplicationControllerTest, testInstance = br.com.codenation.main.controllers.ApplicationControllerTest@620bfd8c, testMethod = shouldNotReturnAnyApplications@ApplicationControllerTest, testException = [null], mergedContextConfiguration = [WebMergedContextConfiguration@685e398 testClass = ApplicationControllerTest, locations = '{}', classes = '{class br.com.codenation.CentralErrosApplication}', contextInitializerClasses = '[]', activeProfiles = '{test}', propertySourceLocations = '{}', propertySourceProperties = '{org.springframework.boot.test.context.SpringBootTestContextBootstrapper=true}', contextCustomizers = set[[ImportsContextCustomizer@2921aa59 key = [org.springframework.boot.test.autoconfigure.web.servlet.MockMvcAutoConfiguration, org.springframework.boot.test.autoconfigure.web.servlet.MockMvcWebClientAutoConfiguration, org.springframework.boot.test.autoconfigure.web.servlet.MockMvcWebDriverAutoConfiguration, org.springframework.boot.autoconfigure.security.servlet.SecurityAutoConfiguration, org.springframework.boot.autoconfigure.security.servlet.UserDetailsServiceAutoConfiguration, org.springframework.boot.test.autoconfigure.web.servlet.MockMvcSecurityConfiguration]], org.springframework.boot.test.context.filter.ExcludeFilterContextCustomizer@11d8ae8b, org.springframework.boot.test.json.DuplicateJsonObjectContextCustomizerFactory$DuplicateJsonObjectContextCustomizer@2b72cb8a, org.springframework.boot.test.mock.mockito.MockitoContextCustomizer@0, org.springframework.boot.test.web.client.TestRestTemplateContextCustomizer@1863d2fe, org.springframework.boot.test.autoconfigure.properties.PropertyMappingContextCustomizer@4b3fa0b3, org.springframework.boot.test.autoconfigure.web.servlet.WebDriverContextCustomizerFactory$Customizer@4b34fff9], resourceBasePath = 'src/main/webapp', contextLoader = 'org.springframework.boot.test.context.SpringBootContextLoader', parent = [null]], attributes = map['org.springframework.test.context.web.ServletTestExecutionListener.activateListener' -> true, 'org.springframework.test.context.web.ServletTestExecutionListener.populatedRequestContextHolder' -> true, 'org.springframework.test.context.web.ServletTestExecutionListener.resetRequestContextHolder' -> true]]; transaction manager [org.springframework.orm.jpa.JpaTransactionManager@3e9f3d0f]; rollback [true]

MockHttpServletRequest:
      HTTP Method = GET
      Request URI = /application
       Parameters = {}
          Headers = [Content-Type:"application/json;charset=UTF-8"]
             Body = null
    Session Attrs = {}

Handler:
             Type = null

Async:
    Async started = false
     Async result = null

Resolved Exception:
             Type = null

ModelAndView:
        View name = null
             View = null
            Model = null

FlashMap:
       Attributes = null

MockHttpServletResponse:
           Status = 401
    Error message = null
          Headers = [Vary:"Origin", "Access-Control-Request-Method", "Access-Control-Request-Headers", Cache-Control:"no-store", Pragma:"no-cache", WWW-Authenticate:"Bearer realm="oauth2-resource", error="unauthorized", error_description="Full authentication is required to access this resource"", Content-Type:"application/json", X-Content-Type-Options:"nosniff", X-XSS-Protection:"1; mode=block", X-Frame-Options:"DENY"]
     Content type = application/json
             Body = {"error":"unauthorized","error_description":"Full authentication is required to access this resource"}
    Forwarded URL = null
   Redirected URL = null
          Cookies = []
2020-07-08 20:41:40.638  INFO 18212 --- [           main] o.s.t.c.transaction.TransactionContext   : Rolled back transaction for test: [DefaultTestContext@66a97b79 testClass = ApplicationControllerTest, testInstance = br.com.codenation.main.controllers.ApplicationControllerTest@620bfd8c, testMethod = shouldNotReturnAnyApplications@ApplicationControllerTest, testException = java.lang.AssertionError: Status expected:<200> but was:<401>, mergedContextConfiguration = [WebMergedContextConfiguration@685e398 testClass = ApplicationControllerTest, locations = '{}', classes = '{class br.com.codenation.CentralErrosApplication}', contextInitializerClasses = '[]', activeProfiles = '{test}', propertySourceLocations = '{}', propertySourceProperties = '{org.springframework.boot.test.context.SpringBootTestContextBootstrapper=true}', contextCustomizers = set[[ImportsContextCustomizer@2921aa59 key = [org.springframework.boot.test.autoconfigure.web.servlet.MockMvcAutoConfiguration, org.springframework.boot.test.autoconfigure.web.servlet.MockMvcWebClientAutoConfiguration, org.springframework.boot.test.autoconfigure.web.servlet.MockMvcWebDriverAutoConfiguration, org.springframework.boot.autoconfigure.security.servlet.SecurityAutoConfiguration, org.springframework.boot.autoconfigure.security.servlet.UserDetailsServiceAutoConfiguration, org.springframework.boot.test.autoconfigure.web.servlet.MockMvcSecurityConfiguration]], org.springframework.boot.test.context.filter.ExcludeFilterContextCustomizer@11d8ae8b, org.springframework.boot.test.json.DuplicateJsonObjectContextCustomizerFactory$DuplicateJsonObjectContextCustomizer@2b72cb8a, org.springframework.boot.test.mock.mockito.MockitoContextCustomizer@0, org.springframework.boot.test.web.client.TestRestTemplateContextCustomizer@1863d2fe, org.springframework.boot.test.autoconfigure.properties.PropertyMappingContextCustomizer@4b3fa0b3, org.springframework.boot.test.autoconfigure.web.servlet.WebDriverContextCustomizerFactory$Customizer@4b34fff9], resourceBasePath = 'src/main/webapp', contextLoader = 'org.springframework.boot.test.context.SpringBootContextLoader', parent = [null]], attributes = map['org.springframework.test.context.web.ServletTestExecutionListener.activateListener' -> true, 'org.springframework.test.context.web.ServletTestExecutionListener.populatedRequestContextHolder' -> true, 'org.springframework.test.context.web.ServletTestExecutionListener.resetRequestContextHolder' -> true]]
]]></system-out>
  </testcase>
  <testcase name="shouldReturnAnApplicationWithTheSameId" classname="br.com.codenation.main.controllers.ApplicationControllerTest" time="0.046">
    <failure message="Status expected:&lt;200&gt; but was:&lt;401&gt;" type="java.lang.AssertionError"><![CDATA[java.lang.AssertionError: Status expected:<200> but was:<401>
	at br.com.codenation.main.controllers.ApplicationControllerTest.shouldReturnAnApplicationWithTheSameId(ApplicationControllerTest.java:81)
]]></failure>
    <system-out><![CDATA[2020-07-08 20:41:40.641  INFO 18212 --- [           main] o.s.t.c.transaction.TransactionContext   : Began transaction (1) for test context [DefaultTestContext@66a97b79 testClass = ApplicationControllerTest, testInstance = br.com.codenation.main.controllers.ApplicationControllerTest@73f937d9, testMethod = shouldReturnAnApplicationWithTheSameId@ApplicationControllerTest, testException = [null], mergedContextConfiguration = [WebMergedContextConfiguration@685e398 testClass = ApplicationControllerTest, locations = '{}', classes = '{class br.com.codenation.CentralErrosApplication}', contextInitializerClasses = '[]', activeProfiles = '{test}', propertySourceLocations = '{}', propertySourceProperties = '{org.springframework.boot.test.context.SpringBootTestContextBootstrapper=true}', contextCustomizers = set[[ImportsContextCustomizer@2921aa59 key = [org.springframework.boot.test.autoconfigure.web.servlet.MockMvcAutoConfiguration, org.springframework.boot.test.autoconfigure.web.servlet.MockMvcWebClientAutoConfiguration, org.springframework.boot.test.autoconfigure.web.servlet.MockMvcWebDriverAutoConfiguration, org.springframework.boot.autoconfigure.security.servlet.SecurityAutoConfiguration, org.springframework.boot.autoconfigure.security.servlet.UserDetailsServiceAutoConfiguration, org.springframework.boot.test.autoconfigure.web.servlet.MockMvcSecurityConfiguration]], org.springframework.boot.test.context.filter.ExcludeFilterContextCustomizer@11d8ae8b, org.springframework.boot.test.json.DuplicateJsonObjectContextCustomizerFactory$DuplicateJsonObjectContextCustomizer@2b72cb8a, org.springframework.boot.test.mock.mockito.MockitoContextCustomizer@0, org.springframework.boot.test.web.client.TestRestTemplateContextCustomizer@1863d2fe, org.springframework.boot.test.autoconfigure.properties.PropertyMappingContextCustomizer@4b3fa0b3, org.springframework.boot.test.autoconfigure.web.servlet.WebDriverContextCustomizerFactory$Customizer@4b34fff9], resourceBasePath = 'src/main/webapp', contextLoader = 'org.springframework.boot.test.context.SpringBootContextLoader', parent = [null]], attributes = map['org.springframework.test.context.web.ServletTestExecutionListener.activateListener' -> true, 'org.springframework.test.context.web.ServletTestExecutionListener.populatedRequestContextHolder' -> true, 'org.springframework.test.context.web.ServletTestExecutionListener.resetRequestContextHolder' -> true]]; transaction manager [org.springframework.orm.jpa.JpaTransactionManager@3e9f3d0f]; rollback [true]
Hibernate: select applicatio0_.id as id1_0_0_, applicatio0_.created_at as created_2_0_0_, applicatio0_.updated_at as updated_3_0_0_, applicatio0_.name as name4_0_0_, applicatio0_.token as token5_0_0_ from application applicatio0_ where applicatio0_.id=?

MockHttpServletRequest:
      HTTP Method = GET
      Request URI = /application/3a2ffd35-e145-4065-861f-00a1c2c60a96
       Parameters = {}
          Headers = [Content-Type:"application/json;charset=UTF-8"]
             Body = null
    Session Attrs = {}

Handler:
             Type = null

Async:
    Async started = false
     Async result = null

Resolved Exception:
             Type = null

ModelAndView:
        View name = null
             View = null
            Model = null

FlashMap:
       Attributes = null

MockHttpServletResponse:
           Status = 401
    Error message = null
          Headers = [Vary:"Origin", "Access-Control-Request-Method", "Access-Control-Request-Headers", Cache-Control:"no-store", Pragma:"no-cache", WWW-Authenticate:"Bearer realm="oauth2-resource", error="unauthorized", error_description="Full authentication is required to access this resource"", Content-Type:"application/json", X-Content-Type-Options:"nosniff", X-XSS-Protection:"1; mode=block", X-Frame-Options:"DENY"]
     Content type = application/json
             Body = {"error":"unauthorized","error_description":"Full authentication is required to access this resource"}
    Forwarded URL = null
   Redirected URL = null
          Cookies = []
2020-07-08 20:41:40.653  INFO 18212 --- [           main] o.s.t.c.transaction.TransactionContext   : Rolled back transaction for test: [DefaultTestContext@66a97b79 testClass = ApplicationControllerTest, testInstance = br.com.codenation.main.controllers.ApplicationControllerTest@73f937d9, testMethod = shouldReturnAnApplicationWithTheSameId@ApplicationControllerTest, testException = java.lang.AssertionError: Status expected:<200> but was:<401>, mergedContextConfiguration = [WebMergedContextConfiguration@685e398 testClass = ApplicationControllerTest, locations = '{}', classes = '{class br.com.codenation.CentralErrosApplication}', contextInitializerClasses = '[]', activeProfiles = '{test}', propertySourceLocations = '{}', propertySourceProperties = '{org.springframework.boot.test.context.SpringBootTestContextBootstrapper=true}', contextCustomizers = set[[ImportsContextCustomizer@2921aa59 key = [org.springframework.boot.test.autoconfigure.web.servlet.MockMvcAutoConfiguration, org.springframework.boot.test.autoconfigure.web.servlet.MockMvcWebClientAutoConfiguration, org.springframework.boot.test.autoconfigure.web.servlet.MockMvcWebDriverAutoConfiguration, org.springframework.boot.autoconfigure.security.servlet.SecurityAutoConfiguration, org.springframework.boot.autoconfigure.security.servlet.UserDetailsServiceAutoConfiguration, org.springframework.boot.test.autoconfigure.web.servlet.MockMvcSecurityConfiguration]], org.springframework.boot.test.context.filter.ExcludeFilterContextCustomizer@11d8ae8b, org.springframework.boot.test.json.DuplicateJsonObjectContextCustomizerFactory$DuplicateJsonObjectContextCustomizer@2b72cb8a, org.springframework.boot.test.mock.mockito.MockitoContextCustomizer@0, org.springframework.boot.test.web.client.TestRestTemplateContextCustomizer@1863d2fe, org.springframework.boot.test.autoconfigure.properties.PropertyMappingContextCustomizer@4b3fa0b3, org.springframework.boot.test.autoconfigure.web.servlet.WebDriverContextCustomizerFactory$Customizer@4b34fff9], resourceBasePath = 'src/main/webapp', contextLoader = 'org.springframework.boot.test.context.SpringBootContextLoader', parent = [null]], attributes = map['org.springframework.test.context.web.ServletTestExecutionListener.activateListener' -> true, 'org.springframework.test.context.web.ServletTestExecutionListener.populatedRequestContextHolder' -> true, 'org.springframework.test.context.web.ServletTestExecutionListener.resetRequestContextHolder' -> true]]
]]></system-out>
  </testcase>
  <testcase name="shouldNotReturnAnyApplicationsBecauseOfInvalidId" classname="br.com.codenation.main.controllers.ApplicationControllerTest" time="0.096">
    <failure message="Range for response status value 401 expected:&lt;SUCCESSFUL&gt; but was:&lt;CLIENT_ERROR&gt;" type="java.lang.AssertionError"><![CDATA[java.lang.AssertionError: Range for response status value 401 expected:<SUCCESSFUL> but was:<CLIENT_ERROR>
	at br.com.codenation.main.controllers.ApplicationControllerTest.shouldNotReturnAnyApplicationsBecauseOfInvalidId(ApplicationControllerTest.java:96)
]]></failure>
    <system-out><![CDATA[2020-07-08 20:41:40.656  INFO 18212 --- [           main] o.s.t.c.transaction.TransactionContext   : Began transaction (1) for test context [DefaultTestContext@66a97b79 testClass = ApplicationControllerTest, testInstance = br.com.codenation.main.controllers.ApplicationControllerTest@26562718, testMethod = shouldNotReturnAnyApplicationsBecauseOfInvalidId@ApplicationControllerTest, testException = [null], mergedContextConfiguration = [WebMergedContextConfiguration@685e398 testClass = ApplicationControllerTest, locations = '{}', classes = '{class br.com.codenation.CentralErrosApplication}', contextInitializerClasses = '[]', activeProfiles = '{test}', propertySourceLocations = '{}', propertySourceProperties = '{org.springframework.boot.test.context.SpringBootTestContextBootstrapper=true}', contextCustomizers = set[[ImportsContextCustomizer@2921aa59 key = [org.springframework.boot.test.autoconfigure.web.servlet.MockMvcAutoConfiguration, org.springframework.boot.test.autoconfigure.web.servlet.MockMvcWebClientAutoConfiguration, org.springframework.boot.test.autoconfigure.web.servlet.MockMvcWebDriverAutoConfiguration, org.springframework.boot.autoconfigure.security.servlet.SecurityAutoConfiguration, org.springframework.boot.autoconfigure.security.servlet.UserDetailsServiceAutoConfiguration, org.springframework.boot.test.autoconfigure.web.servlet.MockMvcSecurityConfiguration]], org.springframework.boot.test.context.filter.ExcludeFilterContextCustomizer@11d8ae8b, org.springframework.boot.test.json.DuplicateJsonObjectContextCustomizerFactory$DuplicateJsonObjectContextCustomizer@2b72cb8a, org.springframework.boot.test.mock.mockito.MockitoContextCustomizer@0, org.springframework.boot.test.web.client.TestRestTemplateContextCustomizer@1863d2fe, org.springframework.boot.test.autoconfigure.properties.PropertyMappingContextCustomizer@4b3fa0b3, org.springframework.boot.test.autoconfigure.web.servlet.WebDriverContextCustomizerFactory$Customizer@4b34fff9], resourceBasePath = 'src/main/webapp', contextLoader = 'org.springframework.boot.test.context.SpringBootContextLoader', parent = [null]], attributes = map['org.springframework.test.context.web.ServletTestExecutionListener.activateListener' -> true, 'org.springframework.test.context.web.ServletTestExecutionListener.populatedRequestContextHolder' -> true, 'org.springframework.test.context.web.ServletTestExecutionListener.resetRequestContextHolder' -> true]]; transaction manager [org.springframework.orm.jpa.JpaTransactionManager@3e9f3d0f]; rollback [true]
Hibernate: select applicatio0_.id as id1_0_0_, applicatio0_.created_at as created_2_0_0_, applicatio0_.updated_at as updated_3_0_0_, applicatio0_.name as name4_0_0_, applicatio0_.token as token5_0_0_ from application applicatio0_ where applicatio0_.id=?

MockHttpServletRequest:
      HTTP Method = GET
      Request URI = /application/86724c05-0581-446b-bae4-380ccd0b77bf
       Parameters = {}
          Headers = [Content-Type:"application/json;charset=UTF-8"]
             Body = null
    Session Attrs = {}

Handler:
             Type = null

Async:
    Async started = false
     Async result = null

Resolved Exception:
             Type = null

ModelAndView:
        View name = null
             View = null
            Model = null

FlashMap:
       Attributes = null

MockHttpServletResponse:
           Status = 401
    Error message = null
          Headers = [Vary:"Origin", "Access-Control-Request-Method", "Access-Control-Request-Headers", Cache-Control:"no-store", Pragma:"no-cache", WWW-Authenticate:"Bearer realm="oauth2-resource", error="unauthorized", error_description="Full authentication is required to access this resource"", Content-Type:"application/json", X-Content-Type-Options:"nosniff", X-XSS-Protection:"1; mode=block", X-Frame-Options:"DENY"]
     Content type = application/json
             Body = {"error":"unauthorized","error_description":"Full authentication is required to access this resource"}
    Forwarded URL = null
   Redirected URL = null
          Cookies = []
2020-07-08 20:41:40.706  INFO 18212 --- [           main] o.s.t.c.transaction.TransactionContext   : Rolled back transaction for test: [DefaultTestContext@66a97b79 testClass = ApplicationControllerTest, testInstance = br.com.codenation.main.controllers.ApplicationControllerTest@26562718, testMethod = shouldNotReturnAnyApplicationsBecauseOfInvalidId@ApplicationControllerTest, testException = java.lang.AssertionError: Range for response status value 401 expected:<SUCCESSFUL> but was:<CLIENT_ERROR>, mergedContextConfiguration = [WebMergedContextConfiguration@685e398 testClass = ApplicationControllerTest, locations = '{}', classes = '{class br.com.codenation.CentralErrosApplication}', contextInitializerClasses = '[]', activeProfiles = '{test}', propertySourceLocations = '{}', propertySourceProperties = '{org.springframework.boot.test.context.SpringBootTestContextBootstrapper=true}', contextCustomizers = set[[ImportsContextCustomizer@2921aa59 key = [org.springframework.boot.test.autoconfigure.web.servlet.MockMvcAutoConfiguration, org.springframework.boot.test.autoconfigure.web.servlet.MockMvcWebClientAutoConfiguration, org.springframework.boot.test.autoconfigure.web.servlet.MockMvcWebDriverAutoConfiguration, org.springframework.boot.autoconfigure.security.servlet.SecurityAutoConfiguration, org.springframework.boot.autoconfigure.security.servlet.UserDetailsServiceAutoConfiguration, org.springframework.boot.test.autoconfigure.web.servlet.MockMvcSecurityConfiguration]], org.springframework.boot.test.context.filter.ExcludeFilterContextCustomizer@11d8ae8b, org.springframework.boot.test.json.DuplicateJsonObjectContextCustomizerFactory$DuplicateJsonObjectContextCustomizer@2b72cb8a, org.springframework.boot.test.mock.mockito.MockitoContextCustomizer@0, org.springframework.boot.test.web.client.TestRestTemplateContextCustomizer@1863d2fe, org.springframework.boot.test.autoconfigure.properties.PropertyMappingContextCustomizer@4b3fa0b3, org.springframework.boot.test.autoconfigure.web.servlet.WebDriverContextCustomizerFactory$Customizer@4b34fff9], resourceBasePath = 'src/main/webapp', contextLoader = 'org.springframework.boot.test.context.SpringBootContextLoader', parent = [null]], attributes = map['org.springframework.test.context.web.ServletTestExecutionListener.activateListener' -> true, 'org.springframework.test.context.web.ServletTestExecutionListener.populatedRequestContextHolder' -> true, 'org.springframework.test.context.web.ServletTestExecutionListener.resetRequestContextHolder' -> true]]
]]></system-out>
  </testcase>
  <testcase name="shouldReturnAnErrorBecauseOfWrongIdType" classname="br.com.codenation.main.controllers.ApplicationControllerTest" time="0.017"/>
</testsuite>